<?xml version="1.0" encoding="UTF-8"?>
<!-- Generated by org.testng.reporters.JUnitReportReporter -->
<testsuite hostname="PBLAP563" name="com.qa.test.DemoTest" tests="4" failures="0" timestamp="6 Apr 2018 10:53:10 GMT" time="0.013" errors="0">
  <testcase name="Sum" time="0.001" classname="com.qa.test.DemoTest"/>
  <testcase name="Mul" time="0.000" classname="com.qa.test.DemoTest"/>
  <testcase name="Div" time="0.011" classname="com.qa.test.DemoTest"/>
  <testcase name="Sub" time="0.001" classname="com.qa.test.DemoTest"/>
</testsuite> <!-- com.qa.test.DemoTest -->
