<?xml version="1.0" encoding="UTF-8"?>
<!-- Generated by org.testng.reporters.JUnitReportReporter -->
<testsuite hostname="PBLAP563" name="com.qa.test.DemoTest" tests="4" failures="0" timestamp="5 Apr 2018 12:58:59 GMT" time="0.023" errors="0">
  <testcase name="Div" time="0.019" classname="com.qa.test.DemoTest"/>
  <testcase name="Mul" time="0.004" classname="com.qa.test.DemoTest"/>
  <testcase name="Sub" time="0.000" classname="com.qa.test.DemoTest"/>
  <testcase name="Sum" time="0.000" classname="com.qa.test.DemoTest"/>
</testsuite> <!-- com.qa.test.DemoTest -->
